[
      {
       "temperature": 75.1,
       "soil_temperature": 20.3,
       "humidity": 31,
       "wind_speed": 77,
       "rain_fall": 5.8
     }
,
      {
       "temperature": 85.9,
       "soil_temperature": 39.6,
       "humidity": 82,
       "wind_speed": 73,
       "rain_fall": 6.2
     }
,
      {
       "temperature": 97.0,
       "soil_temperature": 38.7,
       "humidity": 7,
       "wind_speed": 0,
       "rain_fall": 7.5
     }
,
      {
       "temperature": 98.5,
       "soil_temperature": 33.7,
       "humidity": 47,
       "wind_speed": 56,
       "rain_fall": 3.3
     }
,
      {
       "temperature": 96.3,
       "soil_temperature": 23.6,
       "humidity": 23,
       "wind_speed": 72,
       "rain_fall": 11.6
     }
,
      {
       "temperature": 65.0,
       "soil_temperature": 31.4,
       "humidity": 31,
       "wind_speed": 52,
       "rain_fall": 7.2
     }
,
      {
       "temperature": 92.3,
       "soil_temperature": 30.8,
       "humidity": 80,
       "wind_speed": 23,
       "rain_fall": 8.9
     }
,
      {
       "temperature": 72.1,
       "soil_temperature": 36.4,
       "humidity": 16,
       "wind_speed": 78,
       "rain_fall": 4.8
     }
,
      {
       "temperature": 70.0,
       "soil_temperature": 31.4,
       "humidity": 87,
       "wind_speed": 31,
       "rain_fall": 2.3
     }
,
      {
       "temperature": 87.4,
       "soil_temperature": 29.2,
       "humidity": 73,
       "wind_speed": 60,
       "rain_fall": 7.7
     }
,
      {
       "temperature": 73.4,
       "soil_temperature": 22.8,
       "humidity": 76,
       "wind_speed": 68,
       "rain_fall": 6.1
     }
,
      {
       "temperature": 82.4,
       "soil_temperature": 25.2,
       "humidity": 94,
       "wind_speed": 37,
       "rain_fall": 3.8
     }
,
      {
       "temperature": 81.5,
       "soil_temperature": 33.4,
       "humidity": 20,
       "wind_speed": 111,
       "rain_fall": 11.7
     }
,
      {
       "temperature": 74.6,
       "soil_temperature": 21.7,
       "humidity": 19,
       "wind_speed": 74,
       "rain_fall": 5.6
     }
,
      {
       "temperature": 86.9,
       "soil_temperature": 30.2,
       "humidity": 87,
       "wind_speed": 62,
       "rain_fall": 9.7
     }
,
      {
       "temperature": 60.4,
       "soil_temperature": 20.8,
       "humidity": 65,
       "wind_speed": 35,
       "rain_fall": 9.2
     }
,
      {
       "temperature": 78.0,
       "soil_temperature": 36.3,
       "humidity": 77,
       "wind_speed": 83,
       "rain_fall": 6.6
     }
,
      {
       "temperature": 90.9,
       "soil_temperature": 34.2,
       "humidity": 61,
       "wind_speed": 21,
       "rain_fall": 1.2
     }
,
      {
       "temperature": 96.3,
       "soil_temperature": 25.6,
       "humidity": 64,
       "wind_speed": 115,
       "rain_fall": 5.5
     }
,
      {
       "temperature": 80.8,
       "soil_temperature": 22.0,
       "humidity": 62,
       "wind_speed": 88,
       "rain_fall": 9.8
     }
,
      {
       "temperature": 60.3,
       "soil_temperature": 38.8,
       "humidity": 0,
       "wind_speed": 71,
       "rain_fall": 8.9
     }
,
      {
       "temperature": 65.3,
       "soil_temperature": 27.6,
       "humidity": 39,
       "wind_speed": 89,
       "rain_fall": 9.3
     }
,
      {
       "temperature": 79.5,
       "soil_temperature": 23.5,
       "humidity": 22,
       "wind_speed": 121,
       "rain_fall": 3.0
     }
,
      {
       "temperature": 100.0,
       "soil_temperature": 25.1,
       "humidity": 53,
       "wind_speed": 65,
       "rain_fall": 3.8
     }
,
      {
       "temperature": 60.1,
       "soil_temperature": 34.6,
       "humidity": 34,
       "wind_speed": 88,
       "rain_fall": 10.8
     }
,
      {
       "temperature": 75.1,
       "soil_temperature": 25.6,
       "humidity": 32,
       "wind_speed": 7,
       "rain_fall": 8.8
     }
,
      {
       "temperature": 62.4,
       "soil_temperature": 21.2,
       "humidity": 13,
       "wind_speed": 72,
       "rain_fall": 7.4
     }
,
      {
       "temperature": 90.6,
       "soil_temperature": 26.1,
       "humidity": 12,
       "wind_speed": 43,
       "rain_fall": 4.8
     }
,
      {
       "temperature": 78.0,
       "soil_temperature": 34.6,
       "humidity": 23,
       "wind_speed": 127,
       "rain_fall": 0.5
     }
,
      {
       "temperature": 62.1,
       "soil_temperature": 35.5,
       "humidity": 50,
       "wind_speed": 65,
       "rain_fall": 1.4
     }
,
      {
       "temperature": 71.2,
       "soil_temperature": 34.7,
       "humidity": 20,
       "wind_speed": 78,
       "rain_fall": 9.0
     }
,
      {
       "temperature": 75.3,
       "soil_temperature": 23.0,
       "humidity": 81,
       "wind_speed": 108,
       "rain_fall": 4.5
     }
,
      {
       "temperature": 88.2,
       "soil_temperature": 34.4,
       "humidity": 29,
       "wind_speed": 23,
       "rain_fall": 2.5
     }
,
      {
       "temperature": 76.7,
       "soil_temperature": 39.2,
       "humidity": 84,
       "wind_speed": 27,
       "rain_fall": 6.4
     }
,
      {
       "temperature": 69.3,
       "soil_temperature": 28.2,
       "humidity": 54,
       "wind_speed": 117,
       "rain_fall": 2.9
     }
,
      {
       "temperature": 72.3,
       "soil_temperature": 31.7,
       "humidity": 86,
       "wind_speed": 32,
       "rain_fall": 6.4
     }
,
      {
       "temperature": 65.4,
       "soil_temperature": 37.9,
       "humidity": 74,
       "wind_speed": 29,
       "rain_fall": 10.0
     }
,
      {
       "temperature": 69.2,
       "soil_temperature": 20.8,
       "humidity": 96,
       "wind_speed": 87,
       "rain_fall": 3.3
     }
,
      {
       "temperature": 64.7,
       "soil_temperature": 31.9,
       "humidity": 25,
       "wind_speed": 88,
       "rain_fall": 7.8
     }
,
      {
       "temperature": 90.8,
       "soil_temperature": 37.4,
       "humidity": 26,
       "wind_speed": 112,
       "rain_fall": 9.3
     }
,
      {
       "temperature": 86.4,
       "soil_temperature": 27.4,
       "humidity": 85,
       "wind_speed": 58,
       "rain_fall": 10.6
     }
,
      {
       "temperature": 82.6,
       "soil_temperature": 39.6,
       "humidity": 11,
       "wind_speed": 59,
       "rain_fall": 9.6
     }
,
      {
       "temperature": 88.7,
       "soil_temperature": 30.0,
       "humidity": 33,
       "wind_speed": 91,
       "rain_fall": 0.5
     }
,
      {
       "temperature": 60.5,
       "soil_temperature": 32.8,
       "humidity": 55,
       "wind_speed": 121,
       "rain_fall": 9.3
     }
,
      {
       "temperature": 96.0,
       "soil_temperature": 36.6,
       "humidity": 10,
       "wind_speed": 56,
       "rain_fall": 9.8
     }
,
      {
       "temperature": 68.9,
       "soil_temperature": 28.5,
       "humidity": 86,
       "wind_speed": 115,
       "rain_fall": 6.0
     }
,
      {
       "temperature": 90.7,
       "soil_temperature": 25.3,
       "humidity": 43,
       "wind_speed": 126,
       "rain_fall": 6.5
     }
,
      {
       "temperature": 80.4,
       "soil_temperature": 29.1,
       "humidity": 58,
       "wind_speed": 31,
       "rain_fall": 11.7
     }
,
      {
       "temperature": 81.8,
       "soil_temperature": 32.5,
       "humidity": 2,
       "wind_speed": 63,
       "rain_fall": 11.0
     }
,
      {
       "temperature": 88.0,
       "soil_temperature": 39.8,
       "humidity": 36,
       "wind_speed": 42,
       "rain_fall": 11.7
     }
,
      {
       "temperature": 60.5,
       "soil_temperature": 20.6,
       "humidity": 40,
       "wind_speed": 17,
       "rain_fall": 8.0
     }
,
      {
       "temperature": 69.2,
       "soil_temperature": 30.5,
       "humidity": 96,
       "wind_speed": 54,
       "rain_fall": 4.9
     }
,
      {
       "temperature": 70.6,
       "soil_temperature": 24.3,
       "humidity": 91,
       "wind_speed": 14,
       "rain_fall": 3.3
     }
,
      {
       "temperature": 98.7,
       "soil_temperature": 25.1,
       "humidity": 94,
       "wind_speed": 121,
       "rain_fall": 7.4
     }
,
      {
       "temperature": 96.1,
       "soil_temperature": 25.8,
       "humidity": 82,
       "wind_speed": 8,
       "rain_fall": 0.4
     }
,
      {
       "temperature": 71.6,
       "soil_temperature": 22.6,
       "humidity": 91,
       "wind_speed": 77,
       "rain_fall": 4.4
     }
,
      {
       "temperature": 83.5,
       "soil_temperature": 36.4,
       "humidity": 56,
       "wind_speed": 88,
       "rain_fall": 2.7
     }
,
      {
       "temperature": 91.1,
       "soil_temperature": 38.3,
       "humidity": 91,
       "wind_speed": 99,
       "rain_fall": 3.3
     }
,
      {
       "temperature": 81.8,
       "soil_temperature": 33.0,
       "humidity": 45,
       "wind_speed": 40,
       "rain_fall": 0.2
     }
,
      {
       "temperature": 80.3,
       "soil_temperature": 23.0,
       "humidity": 88,
       "wind_speed": 119,
       "rain_fall": 2.2
     }
,
      {
       "temperature": 70.5,
       "soil_temperature": 34.5,
       "humidity": 98,
       "wind_speed": 122,
       "rain_fall": 1.3
     }
,
      {
       "temperature": 61.4,
       "soil_temperature": 35.0,
       "humidity": 45,
       "wind_speed": 74,
       "rain_fall": 0.6
     }
,
      {
       "temperature": 67.4,
       "soil_temperature": 29.7,
       "humidity": 47,
       "wind_speed": 129,
       "rain_fall": 8.6
     }
,
      {
       "temperature": 94.3,
       "soil_temperature": 27.8,
       "humidity": 97,
       "wind_speed": 15,
       "rain_fall": 11.0
     }
,
      {
       "temperature": 83.0,
       "soil_temperature": 23.1,
       "humidity": 7,
       "wind_speed": 83,
       "rain_fall": 9.9
     }
,
      {
       "temperature": 75.7,
       "soil_temperature": 36.2,
       "humidity": 58,
       "wind_speed": 87,
       "rain_fall": 4.7
     }
,
      {
       "temperature": 75.2,
       "soil_temperature": 32.0,
       "humidity": 0,
       "wind_speed": 123,
       "rain_fall": 11.5
     }
,
      {
       "temperature": 80.6,
       "soil_temperature": 30.0,
       "humidity": 79,
       "wind_speed": 108,
       "rain_fall": 3.1
     }
,
      {
       "temperature": 77.3,
       "soil_temperature": 39.8,
       "humidity": 42,
       "wind_speed": 69,
       "rain_fall": 10.0
     }
,
      {
       "temperature": 92.0,
       "soil_temperature": 32.2,
       "humidity": 50,
       "wind_speed": 15,
       "rain_fall": 4.7
     }
,
      {
       "temperature": 81.4,
       "soil_temperature": 32.2,
       "humidity": 38,
       "wind_speed": 122,
       "rain_fall": 3.4
     }
,
      {
       "temperature": 87.6,
       "soil_temperature": 20.3,
       "humidity": 53,
       "wind_speed": 41,
       "rain_fall": 7.6
     }
,
      {
       "temperature": 85.4,
       "soil_temperature": 37.7,
       "humidity": 26,
       "wind_speed": 46,
       "rain_fall": 2.2
     }
,
      {
       "temperature": 71.8,
       "soil_temperature": 20.1,
       "humidity": 44,
       "wind_speed": 40,
       "rain_fall": 1.3
     }
,
      {
       "temperature": 87.2,
       "soil_temperature": 21.2,
       "humidity": 82,
       "wind_speed": 119,
       "rain_fall": 6.5
     }
,
      {
       "temperature": 82.8,
       "soil_temperature": 24.2,
       "humidity": 93,
       "wind_speed": 73,
       "rain_fall": 9.7
     }
,
      {
       "temperature": 84.8,
       "soil_temperature": 35.4,
       "humidity": 74,
       "wind_speed": 55,
       "rain_fall": 1.1
     }
,
      {
       "temperature": 77.1,
       "soil_temperature": 25.6,
       "humidity": 54,
       "wind_speed": 128,
       "rain_fall": 7.8
     }
,
      {
       "temperature": 97.2,
       "soil_temperature": 34.8,
       "humidity": 98,
       "wind_speed": 109,
       "rain_fall": 3.2
     }
,
      {
       "temperature": 90.6,
       "soil_temperature": 34.3,
       "humidity": 49,
       "wind_speed": 20,
       "rain_fall": 0.0
     }
,
      {
       "temperature": 88.3,
       "soil_temperature": 32.9,
       "humidity": 2,
       "wind_speed": 16,
       "rain_fall": 5.4
     }
,
      {
       "temperature": 81.1,
       "soil_temperature": 24.2,
       "humidity": 10,
       "wind_speed": 122,
       "rain_fall": 3.6
     }
,
      {
       "temperature": 83.0,
       "soil_temperature": 21.5,
       "humidity": 13,
       "wind_speed": 86,
       "rain_fall": 11.3
     }
,
      {
       "temperature": 67.8,
       "soil_temperature": 22.9,
       "humidity": 76,
       "wind_speed": 69,
       "rain_fall": 2.8
     }
,
      {
       "temperature": 90.7,
       "soil_temperature": 34.5,
       "humidity": 84,
       "wind_speed": 38,
       "rain_fall": 9.4
     }
,
      {
       "temperature": 72.0,
       "soil_temperature": 28.3,
       "humidity": 52,
       "wind_speed": 57,
       "rain_fall": 3.8
     }
,
      {
       "temperature": 80.2,
       "soil_temperature": 31.0,
       "humidity": 10,
       "wind_speed": 41,
       "rain_fall": 10.2
     }
,
      {
       "temperature": 78.5,
       "soil_temperature": 35.3,
       "humidity": 10,
       "wind_speed": 85,
       "rain_fall": 1.3
     }
,
      {
       "temperature": 87.6,
       "soil_temperature": 26.2,
       "humidity": 33,
       "wind_speed": 59,
       "rain_fall": 9.3
     }
,
      {
       "temperature": 82.1,
       "soil_temperature": 27.7,
       "humidity": 74,
       "wind_speed": 22,
       "rain_fall": 11.5
     }
,
      {
       "temperature": 96.3,
       "soil_temperature": 26.6,
       "humidity": 31,
       "wind_speed": 66,
       "rain_fall": 11.8
     }
,
      {
       "temperature": 82.8,
       "soil_temperature": 22.2,
       "humidity": 58,
       "wind_speed": 12,
       "rain_fall": 0.0
     }
,
      {
       "temperature": 62.7,
       "soil_temperature": 37.7,
       "humidity": 41,
       "wind_speed": 35,
       "rain_fall": 0.4
     }
,
      {
       "temperature": 79.3,
       "soil_temperature": 23.9,
       "humidity": 13,
       "wind_speed": 71,
       "rain_fall": 2.8
     }
,
      {
       "temperature": 68.3,
       "soil_temperature": 23.3,
       "humidity": 20,
       "wind_speed": 63,
       "rain_fall": 1.3
     }
,
      {
       "temperature": 69.8,
       "soil_temperature": 39.1,
       "humidity": 13,
       "wind_speed": 94,
       "rain_fall": 8.4
     }
,
      {
       "temperature": 96.2,
       "soil_temperature": 29.5,
       "humidity": 66,
       "wind_speed": 113,
       "rain_fall": 0.1
     }
,
      {
       "temperature": 63.9,
       "soil_temperature": 20.5,
       "humidity": 57,
       "wind_speed": 40,
       "rain_fall": 7.0
     }
,
      {
       "temperature": 89.2,
       "soil_temperature": 32.7,
       "humidity": 20,
       "wind_speed": 114,
       "rain_fall": 11.1
     }
,
      {
       "temperature": 97.7,
       "soil_temperature": 38.9,
       "humidity": 76,
       "wind_speed": 96,
       "rain_fall": 0.1
     }

]
